<?xml version="1.0" encoding="UTF-8"?>
<profile>
  <name>eslint-based-rules-profile</name>
  <language>js</language>
  <rules>
    <rule>
      <repositoryKey>javascript</repositoryKey>
      <key>S1848</key> <!-- all duplicate branches -->
      <priority>INFO</priority>
    </rule>
  </rules>
</profile>
